{
  "RSpec": {
    "coverage": {
      "/Users/benstein/Desktop/Git/datespot-bot/app/bot/listen.rb": [
        1,
        null,
        1,
        null,
        1,
        null,
        1,
        0,
        0,
        0,
        0,
        0,
        0,
        null,
        null,
        1,
        0,
        0,
        0,
        0,
        0,
        0,
        null
      ],
      "/Users/benstein/Desktop/Git/datespot-bot/app/bot/brain.rb": [
        1,
        null,
        1,
        1,
        null,
        1,
        1,
        null,
        1,
        0,
        0,
        0,
        0,
        null,
        null,
        1,
        0,
        0,
        null,
        null,
        1,
        0,
        null,
        null,
        1,
        0,
        null,
        null,
        1,
        null,
        null,
        null,
        1,
        null,
        null,
        null,
        1,
        0,
        0,
        null,
        null,
        null,
        null,
        null,
        null,
        0,
        null,
        null,
        null,
        null,
        null,
        null,
        null,
        1,
        null,
        1,
        0,
        null,
        null,
        1,
        0,
        null,
        null,
        1,
        0,
        null,
        0,
        0,
        0,
        null,
        null,
        null,
        null,
        null,
        null,
        null,
        null,
        0,
        null,
        null
      ],
      "/Users/benstein/Desktop/Git/datespot-bot/app/helpers/application_helper.rb": [
        1,
        null
      ],
      "/Users/benstein/Desktop/Git/datespot-bot/app/models/user.rb": [
        1,
        1,
        null
      ],
      "/Users/benstein/Desktop/Git/datespot-bot/app/mailers/application_mailer.rb": [
        0,
        0,
        0,
        0
      ],
      "/Users/benstein/Desktop/Git/datespot-bot/app/models/log.rb": [
        0,
        0,
        0
      ],
      "/Users/benstein/Desktop/Git/datespot-bot/app/models/application_record.rb": [
        0,
        0,
        0
      ],
      "/Users/benstein/Desktop/Git/datespot-bot/app/jobs/application_job.rb": [
        0,
        0
      ],
      "/Users/benstein/Desktop/Git/datespot-bot/app/controllers/application_controller.rb": [
        0,
        0,
        0
      ],
      "/Users/benstein/Desktop/Git/datespot-bot/app/channels/application_cable/connection.rb": [
        0,
        0,
        0,
        0
      ],
      "/Users/benstein/Desktop/Git/datespot-bot/app/channels/application_cable/channel.rb": [
        0,
        0,
        0,
        0
      ],
      "/Users/benstein/Desktop/Git/datespot-bot/lib/facebook/client.rb": [
        0,
        0,
        0,
        0,
        0,
        0,
        0,
        0,
        0,
        0,
        0,
        0,
        0,
        0,
        0,
        0,
        0,
        0,
        0,
        0,
        0,
        0,
        0,
        0,
        0,
        0,
        0,
        0,
        0,
        0,
        0,
        0,
        0,
        0,
        0,
        0,
        0,
        0,
        0,
        0,
        0,
        0,
        0,
        0,
        0,
        0,
        0,
        0,
        0,
        0,
        0,
        0,
        0,
        0,
        0,
        0
      ]
    },
    "timestamp": 1520339549
  }
}
